[35m[Appium][39m Welcome to Appium v1.8.1
[35m[Appium][39m Non-default server args:
[35m[Appium][39m   port: 64400
[35m[Appium][39m   loglevel: info
[35m[Appium][39m   chromeDriverPort: 64401
[35m[Appium][39m   tmpDir: C:\Users\alejo\AppData\Local\Temp\\Katalon\Appium\Temp1558924349353
[35m[Appium][39m Appium REST http interface listener started on 0.0.0.0:64400
[35m[HTTP][39m [37m-->[39m [37mGET[39m [37m/wd/hub/status[39m
[35m[HTTP][39m [90m{}[39m
[35m[HTTP][39m [37m<-- GET /wd/hub/status [39m[32m200[39m [90m401 ms - 83[39m
[35m[HTTP][39m [90m[39m
[35m[HTTP][39m [37m-->[39m [37mGET[39m [37m/wd/hub/status[39m
[35m[HTTP][39m [90m{}[39m
[35m[HTTP][39m [37m<-- GET /wd/hub/status [39m[32m200[39m [90m868 ms - 83[39m
[35m[HTTP][39m [90m[39m
[35m[HTTP][39m [37m-->[39m [37mPOST[39m [37m/wd/hub/session[39m
[35m[HTTP][39m [90m{"desiredCapabilities":{"app":"E:\\Katalon projects\\APK's\\com.takeda.Veryx.apk","autoGrantPermissions":true,"deviceName":"LGE LG-K430 (Android 6.0)","fullReset":false,"newCommandTimeout":1800,"noReset":true,"platform":"ANDROID","platformName":"Android","udid":"LGK430H6UOU8QK"},"capabilities":{"desiredCapabilities":{"app":"E:\\Katalon projects\\APK's\\com.takeda.Veryx.apk","autoGrantPermissions":true,"deviceName":"LGE LG-K430 (Android 6.0)","fullReset":false,"newCommandTimeout":1800,"noReset":true,"platform":"ANDROID","platformName":"Android","udid":"LGK430H6UOU8QK"},"firstMatch":[{"platformName":"android"}]}}[39m
[35m[Appium][39m Could not parse W3C capabilities: 'deviceName' can't be blank. Falling back to JSONWP protocol.
[35m[Appium][39m The following capabilities were provided in the JSONWP desired capabilities that are missing in W3C capabilities: ["app","autoGrantPermissions","deviceName","fullReset","newCommandTimeout","noReset","platform","platformName","udid"]. Falling back to JSONWP protocol.
[35m[Appium][39m Creating new AndroidDriver (v2.7.0) session
[35m[Appium][39m Capabilities:
[35m[Appium][39m   app: E:\Katalon projects\APK's\com.takeda.Veryx.apk
[35m[Appium][39m   autoGrantPermissions: true
[35m[Appium][39m   deviceName: LGE LG-K430 (Android 6.0)
[35m[Appium][39m   fullReset: false
[35m[Appium][39m   newCommandTimeout: 1800
[35m[Appium][39m   noReset: true
[35m[Appium][39m   platform: ANDROID
[35m[Appium][39m   platformName: Android
[35m[Appium][39m   udid: LGK430H6UOU8QK
[35m[BaseDriver][39m The following capabilities were provided, but are not recognized by appium: platform.
[35m[BaseDriver][39m Session created with session id: 7b82a4e9-44bb-4194-91ca-1c84c92ea453
[35m[AndroidDriver][39m Java version is: 1.8.0_181
[35m[ADB][39m Checking whether adb is present
[35m[ADB][39m Found 1 'build-tools' folders under 'C:\Users\alejo\.katalon\tools\android_sdk' (newest first):
[35m[ADB][39m     C:/Users/alejo/.katalon/tools/android_sdk/build-tools/29.0.0
[35m[ADB][39m Using adb.exe from C:\Users\alejo\.katalon\tools\android_sdk\platform-tools\adb.exe
[35m[AndroidDriver][39m Retrieving device list
[35m[AndroidDriver][39m Using device: LGK430H6UOU8QK
[35m[BaseDriver][39m Using local app 'E:\Katalon projects\APK's\com.takeda.Veryx.apk'
[35m[AndroidDriver][39m Starting Android session
[35m[ADB][39m Checking whether aapt is present
[35m[ADB][39m Using aapt.exe from C:\Users\alejo\.katalon\tools\android_sdk\build-tools\29.0.0\aapt.exe
[35m[AndroidDriver][39m setDeviceLanguageCountry requires language or country.
[35m[AndroidDriver][39m Got language: 'null' and country: 'null'
[35m[ADB][39m Getting device platform version
[35m[ADB][39m Using the alternative activity name detection method because of: Could not find apkanalyzer.bat in C:\Users\alejo\.katalon\tools\android_sdk\platform-tools\apkanalyzer.bat,C:\Users\alejo\.katalon\tools\android_sdk\emulator\apkanalyzer.bat,C:\Users\alejo\.katalon\tools\android_sdk\tools\apkanalyzer.bat,C:\Users\alejo\.katalon\tools\android_sdk\tools\bin\apkanalyzer.bat,C:\Users\alejo\.katalon\tools\android_sdk\build-tools\29.0.0\apkanalyzer.bat. Do you have the Android SDK installed at 'C:\Users\alejo\.katalon\tools\android_sdk'?
[35m[ADB][39m Extracting package and launch activity from manifest
[35m[ADB][39m Package name: 'com.takeda.Veryx'
[35m[ADB][39m Main activity name: 'md5044baaabbc40c67bd6e8a1f95ae48724.MainActivity'
[35m[ADB][39m Successfully extracted 84 strings from 'E:\Katalon projects\APK's\com.takeda.Veryx.apk' resources for '(default)' configuration
[35m[ADB][39m No uiautomator process found to kill, continuing...
[35m[AndroidBootstrap][39m Android bootstrap socket is now connected
[35m[AndroidDriver][39m Screen already unlocked, doing nothing
[35m[Appium][39m New AndroidDriver session created successfully, session 7b82a4e9-44bb-4194-91ca-1c84c92ea453 added to master session list
[35m[HTTP][39m [37m<-- POST /wd/hub/session [39m[32m200[39m [90m66337 ms - 1096[39m
[35m[HTTP][39m [90m[39m
[35m[HTTP][39m [37m-->[39m [37mGET[39m [37m/wd/hub/status[39m
[35m[HTTP][39m [90m{}[39m
[35m[HTTP][39m [37m<-- GET /wd/hub/status [39m[32m200[39m [90m241 ms - 55[39m
[35m[HTTP][39m [90m[39m
[35m[HTTP][39m [37m-->[39m [37mPOST[39m [37m/wd/hub/session/7b82a4e9-44bb-4194-91ca-1c84c92ea453/timeouts[39m
[35m[HTTP][39m [90m{"type":"implicit","ms":60000}[39m
[35m[HTTP][39m [37m<-- POST /wd/hub/session/7b82a4e9-44bb-4194-91ca-1c84c92ea453/timeouts [39m[33m400[39m [90m11 ms - 5204[39m
[35m[HTTP][39m [90m[39m
[35m[HTTP][39m [37m-->[39m [37mGET[39m [37m/wd/hub/session/7b82a4e9-44bb-4194-91ca-1c84c92ea453/source[39m
[35m[HTTP][39m [90m{}[39m
[35m[HTTP][39m [37m<-- GET /wd/hub/session/7b82a4e9-44bb-4194-91ca-1c84c92ea453/source [39m[32m200[39m [90m459 ms - 7168[39m
[35m[HTTP][39m [90m[39m
[35m[HTTP][39m [37m-->[39m [37mGET[39m [37m/wd/hub/session/7b82a4e9-44bb-4194-91ca-1c84c92ea453/screenshot[39m
[35m[HTTP][39m [90m{}[39m
[35m[HTTP][39m [37m<-- GET /wd/hub/session/7b82a4e9-44bb-4194-91ca-1c84c92ea453/screenshot [39m[32m200[39m [90m2089 ms - 914598[39m
[35m[HTTP][39m [90m[39m
[35m[HTTP][39m [37m-->[39m [37mGET[39m [37m/wd/hub/session/7b82a4e9-44bb-4194-91ca-1c84c92ea453/source[39m
[35m[HTTP][39m [90m{}[39m
[35m[HTTP][39m [37m<-- GET /wd/hub/session/7b82a4e9-44bb-4194-91ca-1c84c92ea453/source [39m[32m200[39m [90m295 ms - 50917[39m
[35m[HTTP][39m [90m[39m
[35m[HTTP][39m [37m-->[39m [37mGET[39m [37m/wd/hub/session/7b82a4e9-44bb-4194-91ca-1c84c92ea453/screenshot[39m
[35m[HTTP][39m [90m{}[39m
[35m[HTTP][39m [37m<-- GET /wd/hub/session/7b82a4e9-44bb-4194-91ca-1c84c92ea453/screenshot [39m[32m200[39m [90m769 ms - 162826[39m
[35m[HTTP][39m [90m[39m
[35m[HTTP][39m [37m-->[39m [37mGET[39m [37m/wd/hub/session/7b82a4e9-44bb-4194-91ca-1c84c92ea453/source[39m
[35m[HTTP][39m [90m{}[39m
[35m[HTTP][39m [37m<-- GET /wd/hub/session/7b82a4e9-44bb-4194-91ca-1c84c92ea453/source [39m[32m200[39m [90m206 ms - 50917[39m
[35m[HTTP][39m [90m[39m
[35m[HTTP][39m [37m-->[39m [37mGET[39m [37m/wd/hub/session/7b82a4e9-44bb-4194-91ca-1c84c92ea453/screenshot[39m
[35m[HTTP][39m [90m{}[39m
[35m[HTTP][39m [37m<-- GET /wd/hub/session/7b82a4e9-44bb-4194-91ca-1c84c92ea453/screenshot [39m[32m200[39m [90m725 ms - 162714[39m
[35m[HTTP][39m [90m[39m
[35m[HTTP][39m [37m-->[39m [37mDELETE[39m [37m/wd/hub/session/7b82a4e9-44bb-4194-91ca-1c84c92ea453[39m
[35m[HTTP][39m [90m{}[39m
[35m[Appium][39m Removing session 7b82a4e9-44bb-4194-91ca-1c84c92ea453 from our master session list
[35m[HTTP][39m [37m-->[39m [37mDELETE[39m [37m/wd/hub/session/7b82a4e9-44bb-4194-91ca-1c84c92ea453[39m
[35m[HTTP][39m [90m{}[39m
[35m[HTTP][39m [37m<-- DELETE /wd/hub/session/7b82a4e9-44bb-4194-91ca-1c84c92ea453 [39m[33m404[39m [90m5 ms - 8378[39m
[35m[HTTP][39m [90m[39m
